+++++++++++++++++++++++++++++++++++++++ 接收回傳參數 2019-08-06 07:12:12 ++++++++++++++++++++++++++++++++++++++++++++
Array
(
    [MerchantID] => 2000132
    [MerchantTradeNo] => DX201908061452407321
    [PayAmt] => 5
    [PaymentDate] => 2019/08/06 15:05:18
    [PaymentType] => Credit
    [PaymentTypeChargeFee] => 1
    [RedeemAmt] => 0
    [RtnCode] => 1
    [RtnMsg] => 交易成功
    [SimulatePaid] => 0
    [TradeAmt] => 5
    [TradeDate] => 2019/08/06 15:05:10
    [TradeNo] => 1908061505101885
)

+++++++++++++++++++++++++++++++++++++++ 接收回傳參數 2019-08-06 07:54:19 ++++++++++++++++++++++++++++++++++++++++++++
Array
(
    [MerchantID] => 2000132
    [MerchantTradeNo] => Test1565077956
    [PayAmt] => 5334
    [PaymentDate] => 2019/08/06 15:54:11
    [PaymentType] => Credit
    [PaymentTypeChargeFee] => 53
    [RedeemAmt] => 0
    [RtnCode] => 1
    [RtnMsg] => 交易成功
    [SimulatePaid] => 0
    [TradeAmt] => 5334
    [TradeDate] => 2019/08/06 15:52:35
    [TradeNo] => 1908061552351892
)

+++++++++++++++++++++++++++++++++++++++ 接收回傳參數 2019-08-06 08:01:43 ++++++++++++++++++++++++++++++++++++++++++++
Array
(
    [MerchantID] => 2000132
    [MerchantTradeNo] => Test1565078456
    [PayAmt] => 5334
    [PaymentDate] => 2019/08/06 16:01:33
    [PaymentType] => Credit
    [PaymentTypeChargeFee] => 53
    [RedeemAmt] => 0
    [RtnCode] => 1
    [RtnMsg] => 交易成功
    [SimulatePaid] => 0
    [TradeAmt] => 5334
    [TradeDate] => 2019/08/06 16:00:56
    [TradeNo] => 1908061600561897
)
